<?xml version="1.0" encoding="UTF-8"?>
<testsuite xmlns:xsi="http://www.w3.org/2001/XMLSchema-instance" xsi:schemaLocation="https://maven.apache.org/surefire/maven-surefire-plugin/xsd/surefire-test-report.xsd" name="dao.Sql2oBusinessDaoTest" time="0.96" tests="15" errors="15" skipped="0" failures="0">
  <properties>
[...]
</properties>
  <testcase name="updateBusinessById" classname="dao.Sql2oBusinessDaoTest" time="0.698">
    <error message="Could not acquire a connection from DataSource - FATAL: password authentication failed for user &quot;wangui&quot;" type="org.sql2o.Sql2oException">org.sql2o.Sql2oException: Could not acquire a connection from DataSource - FATAL: password authentication failed for user "wangui"
	at dao.Sql2oBusinessDaoTest.setUp(Sql2oBusinessDaoTest.java:31)
Caused by: org.postgresql.util.PSQLException: FATAL: password authentication failed for user "wangui"
	at dao.Sql2oBusinessDaoTest.setUp(Sql2oBusinessDaoTest.java:31)
</error>
    <system-out><![CDATA[connected to database
]]></system-out>
  </testcase>
  <testcase name="updateBusinessById" classname="dao.Sql2oBusinessDaoTest" time="0.704">
    <error message="Could not acquire a connection from DataSource - FATAL: password authentication failed for user &quot;wangui&quot;" type="org.sql2o.Sql2oException">org.sql2o.Sql2oException: Could not acquire a connection from DataSource - FATAL: password authentication failed for user "wangui"
	at dao.Sql2oBusinessDaoTest.tearDown(Sql2oBusinessDaoTest.java:36)
Caused by: org.postgresql.util.PSQLException: FATAL: password authentication failed for user "wangui"
	at dao.Sql2oBusinessDaoTest.tearDown(Sql2oBusinessDaoTest.java:36)
</error>
  </testcase>
  <testcase name="filterByMostRecent" classname="dao.Sql2oBusinessDaoTest" time="0.039">
    <error message="Could not acquire a connection from DataSource - FATAL: password authentication failed for user &quot;wangui&quot;" type="org.sql2o.Sql2oException">org.sql2o.Sql2oException: Could not acquire a connection from DataSource - FATAL: password authentication failed for user "wangui"
	at dao.Sql2oBusinessDaoTest.setUp(Sql2oBusinessDaoTest.java:31)
Caused by: org.postgresql.util.PSQLException: FATAL: password authentication failed for user "wangui"
	at dao.Sql2oBusinessDaoTest.setUp(Sql2oBusinessDaoTest.java:31)
</error>
    <system-out><![CDATA[connected to database
]]></system-out>
  </testcase>
  <testcase name="filterByMostRecent" classname="dao.Sql2oBusinessDaoTest" time="0.042">
    <error message="Could not acquire a connection from DataSource - FATAL: password authentication failed for user &quot;wangui&quot;" type="org.sql2o.Sql2oException">org.sql2o.Sql2oException: Could not acquire a connection from DataSource - FATAL: password authentication failed for user "wangui"
	at dao.Sql2oBusinessDaoTest.tearDown(Sql2oBusinessDaoTest.java:36)
Caused by: org.postgresql.util.PSQLException: FATAL: password authentication failed for user "wangui"
	at dao.Sql2oBusinessDaoTest.tearDown(Sql2oBusinessDaoTest.java:36)
</error>
  </testcase>
  <testcase name="findByIdReturnsCorrectInstance" classname="dao.Sql2oBusinessDaoTest" time="0.039">
    <error message="Could not acquire a connection from DataSource - FATAL: password authentication failed for user &quot;wangui&quot;" type="org.sql2o.Sql2oException">org.sql2o.Sql2oException: Could not acquire a connection from DataSource - FATAL: password authentication failed for user "wangui"
	at dao.Sql2oBusinessDaoTest.setUp(Sql2oBusinessDaoTest.java:31)
Caused by: org.postgresql.util.PSQLException: FATAL: password authentication failed for user "wangui"
	at dao.Sql2oBusinessDaoTest.setUp(Sql2oBusinessDaoTest.java:31)
</error>
    <system-out><![CDATA[connected to database
]]></system-out>
  </testcase>
  <testcase name="findByIdReturnsCorrectInstance" classname="dao.Sql2oBusinessDaoTest" time="0.04">
    <error message="Could not acquire a connection from DataSource - FATAL: password authentication failed for user &quot;wangui&quot;" type="org.sql2o.Sql2oException">org.sql2o.Sql2oException: Could not acquire a connection from DataSource - FATAL: password authentication failed for user "wangui"
	at dao.Sql2oBusinessDaoTest.tearDown(Sql2oBusinessDaoTest.java:36)
Caused by: org.postgresql.util.PSQLException: FATAL: password authentication failed for user "wangui"
	at dao.Sql2oBusinessDaoTest.tearDown(Sql2oBusinessDaoTest.java:36)
</error>
  </testcase>
  <testcase name="setUpIdWorks" classname="dao.Sql2oBusinessDaoTest" time="0.045">
    <error message="Could not acquire a connection from DataSource - FATAL: password authentication failed for user &quot;wangui&quot;" type="org.sql2o.Sql2oException">org.sql2o.Sql2oException: Could not acquire a connection from DataSource - FATAL: password authentication failed for user "wangui"
	at dao.Sql2oBusinessDaoTest.setUp(Sql2oBusinessDaoTest.java:31)
Caused by: org.postgresql.util.PSQLException: FATAL: password authentication failed for user "wangui"
	at dao.Sql2oBusinessDaoTest.setUp(Sql2oBusinessDaoTest.java:31)
</error>
    <system-out><![CDATA[connected to database
]]></system-out>
  </testcase>
  <testcase name="setUpIdWorks" classname="dao.Sql2oBusinessDaoTest" time="0.049">
    <error message="Could not acquire a connection from DataSource - FATAL: password authentication failed for user &quot;wangui&quot;" type="org.sql2o.Sql2oException">org.sql2o.Sql2oException: Could not acquire a connection from DataSource - FATAL: password authentication failed for user "wangui"
	at dao.Sql2oBusinessDaoTest.tearDown(Sql2oBusinessDaoTest.java:36)
Caused by: org.postgresql.util.PSQLException: FATAL: password authentication failed for user "wangui"
	at dao.Sql2oBusinessDaoTest.tearDown(Sql2oBusinessDaoTest.java:36)
</error>
  </testcase>
  <testcase name="deleteById" classname="dao.Sql2oBusinessDaoTest" time="0.033">
    <error message="Could not acquire a connection from DataSource - FATAL: password authentication failed for user &quot;wangui&quot;" type="org.sql2o.Sql2oException">org.sql2o.Sql2oException: Could not acquire a connection from DataSource - FATAL: password authentication failed for user "wangui"
	at dao.Sql2oBusinessDaoTest.setUp(Sql2oBusinessDaoTest.java:31)
Caused by: org.postgresql.util.PSQLException: FATAL: password authentication failed for user "wangui"
	at dao.Sql2oBusinessDaoTest.setUp(Sql2oBusinessDaoTest.java:31)
</error>
    <system-out><![CDATA[connected to database
]]></system-out>
  </testcase>
  <testcase name="deleteById" classname="dao.Sql2oBusinessDaoTest" time="0.035">
    <error message="Could not acquire a connection from DataSource - FATAL: password authentication failed for user &quot;wangui&quot;" type="org.sql2o.Sql2oException">org.sql2o.Sql2oException: Could not acquire a connection from DataSource - FATAL: password authentication failed for user "wangui"
	at dao.Sql2oBusinessDaoTest.tearDown(Sql2oBusinessDaoTest.java:36)
Caused by: org.postgresql.util.PSQLException: FATAL: password authentication failed for user "wangui"
	at dao.Sql2oBusinessDaoTest.tearDown(Sql2oBusinessDaoTest.java:36)
</error>
  </testcase>
  <testcase name="allInstancesOfSelectedCategoryAreReturned" classname="dao.Sql2oBusinessDaoTest" time="0.025">
    <error message="Could not acquire a connection from DataSource - FATAL: password authentication failed for user &quot;wangui&quot;" type="org.sql2o.Sql2oException">org.sql2o.Sql2oException: Could not acquire a connection from DataSource - FATAL: password authentication failed for user "wangui"
	at dao.Sql2oBusinessDaoTest.setUp(Sql2oBusinessDaoTest.java:31)
Caused by: org.postgresql.util.PSQLException: FATAL: password authentication failed for user "wangui"
	at dao.Sql2oBusinessDaoTest.setUp(Sql2oBusinessDaoTest.java:31)
</error>
    <system-out><![CDATA[connected to database
]]></system-out>
  </testcase>
  <testcase name="allInstancesOfSelectedCategoryAreReturned" classname="dao.Sql2oBusinessDaoTest" time="0.026">
    <error message="Could not acquire a connection from DataSource - FATAL: password authentication failed for user &quot;wangui&quot;" type="org.sql2o.Sql2oException">org.sql2o.Sql2oException: Could not acquire a connection from DataSource - FATAL: password authentication failed for user "wangui"
	at dao.Sql2oBusinessDaoTest.tearDown(Sql2oBusinessDaoTest.java:36)
Caused by: org.postgresql.util.PSQLException: FATAL: password authentication failed for user "wangui"
	at dao.Sql2oBusinessDaoTest.tearDown(Sql2oBusinessDaoTest.java:36)
</error>
  </testcase>
  <testcase name="allInstancesAreReturned" classname="dao.Sql2oBusinessDaoTest" time="0.028">
    <error message="Could not acquire a connection from DataSource - FATAL: password authentication failed for user &quot;wangui&quot;" type="org.sql2o.Sql2oException">org.sql2o.Sql2oException: Could not acquire a connection from DataSource - FATAL: password authentication failed for user "wangui"
	at dao.Sql2oBusinessDaoTest.setUp(Sql2oBusinessDaoTest.java:31)
Caused by: org.postgresql.util.PSQLException: FATAL: password authentication failed for user "wangui"
	at dao.Sql2oBusinessDaoTest.setUp(Sql2oBusinessDaoTest.java:31)
</error>
    <system-out><![CDATA[connected to database
]]></system-out>
  </testcase>
  <testcase name="allInstancesAreReturned" classname="dao.Sql2oBusinessDaoTest" time="0.029">
    <error message="Could not acquire a connection from DataSource - FATAL: password authentication failed for user &quot;wangui&quot;" type="org.sql2o.Sql2oException">org.sql2o.Sql2oException: Could not acquire a connection from DataSource - FATAL: password authentication failed for user "wangui"
	at dao.Sql2oBusinessDaoTest.tearDown(Sql2oBusinessDaoTest.java:36)
Caused by: org.postgresql.util.PSQLException: FATAL: password authentication failed for user "wangui"
	at dao.Sql2oBusinessDaoTest.tearDown(Sql2oBusinessDaoTest.java:36)
</error>
  </testcase>
  <testcase name="dao.Sql2oBusinessDaoTest" classname="dao.Sql2oBusinessDaoTest" time="0.036">
    <error type="java.lang.NullPointerException">java.lang.NullPointerException
	at dao.Sql2oBusinessDaoTest.shutDown(Sql2oBusinessDaoTest.java:41)
</error>
  </testcase>
</testsuite>