<?xml version="1.0" encoding="UTF-8"?>
<testsuite xmlns:xsi="http://www.w3.org/2001/XMLSchema-instance" xsi:schemaLocation="https://maven.apache.org/surefire/maven-surefire-plugin/xsd/surefire-test-report.xsd" name="dao.Sql2oCategoryDaoTest" time="0.207" tests="11" errors="11" skipped="0" failures="0">
  <properties>
[...]
</properties>
  <testcase name="getAll" classname="dao.Sql2oCategoryDaoTest" time="0.046">
    <error message="Could not acquire a connection from DataSource - FATAL: password authentication failed for user &quot;wangui&quot;" type="org.sql2o.Sql2oException">org.sql2o.Sql2oException: Could not acquire a connection from DataSource - FATAL: password authentication failed for user "wangui"
	at dao.Sql2oCategoryDaoTest.setUp(Sql2oCategoryDaoTest.java:29)
Caused by: org.postgresql.util.PSQLException: FATAL: password authentication failed for user "wangui"
	at dao.Sql2oCategoryDaoTest.setUp(Sql2oCategoryDaoTest.java:29)
</error>
    <system-out><![CDATA[connected to database
]]></system-out>
  </testcase>
  <testcase name="getAll" classname="dao.Sql2oCategoryDaoTest" time="0.047">
    <error message="Could not acquire a connection from DataSource - FATAL: password authentication failed for user &quot;wangui&quot;" type="org.sql2o.Sql2oException">org.sql2o.Sql2oException: Could not acquire a connection from DataSource - FATAL: password authentication failed for user "wangui"
	at dao.Sql2oCategoryDaoTest.tearDown(Sql2oCategoryDaoTest.java:34)
Caused by: org.postgresql.util.PSQLException: FATAL: password authentication failed for user "wangui"
	at dao.Sql2oCategoryDaoTest.tearDown(Sql2oCategoryDaoTest.java:34)
</error>
  </testcase>
  <testcase name="deleteCategoryById" classname="dao.Sql2oCategoryDaoTest" time="0.036">
    <error message="Could not acquire a connection from DataSource - FATAL: password authentication failed for user &quot;wangui&quot;" type="org.sql2o.Sql2oException">org.sql2o.Sql2oException: Could not acquire a connection from DataSource - FATAL: password authentication failed for user "wangui"
	at dao.Sql2oCategoryDaoTest.setUp(Sql2oCategoryDaoTest.java:29)
Caused by: org.postgresql.util.PSQLException: FATAL: password authentication failed for user "wangui"
	at dao.Sql2oCategoryDaoTest.setUp(Sql2oCategoryDaoTest.java:29)
</error>
    <system-out><![CDATA[connected to database
]]></system-out>
  </testcase>
  <testcase name="deleteCategoryById" classname="dao.Sql2oCategoryDaoTest" time="0.039">
    <error message="Could not acquire a connection from DataSource - FATAL: password authentication failed for user &quot;wangui&quot;" type="org.sql2o.Sql2oException">org.sql2o.Sql2oException: Could not acquire a connection from DataSource - FATAL: password authentication failed for user "wangui"
	at dao.Sql2oCategoryDaoTest.tearDown(Sql2oCategoryDaoTest.java:34)
Caused by: org.postgresql.util.PSQLException: FATAL: password authentication failed for user "wangui"
	at dao.Sql2oCategoryDaoTest.tearDown(Sql2oCategoryDaoTest.java:34)
</error>
  </testcase>
  <testcase name="findById" classname="dao.Sql2oCategoryDaoTest" time="0.028">
    <error message="Could not acquire a connection from DataSource - FATAL: password authentication failed for user &quot;wangui&quot;" type="org.sql2o.Sql2oException">org.sql2o.Sql2oException: Could not acquire a connection from DataSource - FATAL: password authentication failed for user "wangui"
	at dao.Sql2oCategoryDaoTest.setUp(Sql2oCategoryDaoTest.java:29)
Caused by: org.postgresql.util.PSQLException: FATAL: password authentication failed for user "wangui"
	at dao.Sql2oCategoryDaoTest.setUp(Sql2oCategoryDaoTest.java:29)
</error>
    <system-out><![CDATA[connected to database
]]></system-out>
  </testcase>
  <testcase name="findById" classname="dao.Sql2oCategoryDaoTest" time="0.029">
    <error message="Could not acquire a connection from DataSource - FATAL: password authentication failed for user &quot;wangui&quot;" type="org.sql2o.Sql2oException">org.sql2o.Sql2oException: Could not acquire a connection from DataSource - FATAL: password authentication failed for user "wangui"
	at dao.Sql2oCategoryDaoTest.tearDown(Sql2oCategoryDaoTest.java:34)
Caused by: org.postgresql.util.PSQLException: FATAL: password authentication failed for user "wangui"
	at dao.Sql2oCategoryDaoTest.tearDown(Sql2oCategoryDaoTest.java:34)
</error>
  </testcase>
  <testcase name="updateCategoryById" classname="dao.Sql2oCategoryDaoTest" time="0.037">
    <error message="Could not acquire a connection from DataSource - FATAL: password authentication failed for user &quot;wangui&quot;" type="org.sql2o.Sql2oException">org.sql2o.Sql2oException: Could not acquire a connection from DataSource - FATAL: password authentication failed for user "wangui"
	at dao.Sql2oCategoryDaoTest.setUp(Sql2oCategoryDaoTest.java:29)
Caused by: org.postgresql.util.PSQLException: FATAL: password authentication failed for user "wangui"
	at dao.Sql2oCategoryDaoTest.setUp(Sql2oCategoryDaoTest.java:29)
</error>
    <system-out><![CDATA[connected to database
]]></system-out>
  </testcase>
  <testcase name="updateCategoryById" classname="dao.Sql2oCategoryDaoTest" time="0.042">
    <error message="Could not acquire a connection from DataSource - FATAL: password authentication failed for user &quot;wangui&quot;" type="org.sql2o.Sql2oException">org.sql2o.Sql2oException: Could not acquire a connection from DataSource - FATAL: password authentication failed for user "wangui"
	at dao.Sql2oCategoryDaoTest.tearDown(Sql2oCategoryDaoTest.java:34)
Caused by: org.postgresql.util.PSQLException: FATAL: password authentication failed for user "wangui"
	at dao.Sql2oCategoryDaoTest.tearDown(Sql2oCategoryDaoTest.java:34)
</error>
  </testcase>
  <testcase name="idIsSetUpCorrectly" classname="dao.Sql2oCategoryDaoTest" time="0.043">
    <error message="Could not acquire a connection from DataSource - FATAL: password authentication failed for user &quot;wangui&quot;" type="org.sql2o.Sql2oException">org.sql2o.Sql2oException: Could not acquire a connection from DataSource - FATAL: password authentication failed for user "wangui"
	at dao.Sql2oCategoryDaoTest.setUp(Sql2oCategoryDaoTest.java:29)
Caused by: org.postgresql.util.PSQLException: FATAL: password authentication failed for user "wangui"
	at dao.Sql2oCategoryDaoTest.setUp(Sql2oCategoryDaoTest.java:29)
</error>
    <system-out><![CDATA[connected to database
]]></system-out>
  </testcase>
  <testcase name="idIsSetUpCorrectly" classname="dao.Sql2oCategoryDaoTest" time="0.044">
    <error message="Could not acquire a connection from DataSource - FATAL: password authentication failed for user &quot;wangui&quot;" type="org.sql2o.Sql2oException">org.sql2o.Sql2oException: Could not acquire a connection from DataSource - FATAL: password authentication failed for user "wangui"
	at dao.Sql2oCategoryDaoTest.tearDown(Sql2oCategoryDaoTest.java:34)
Caused by: org.postgresql.util.PSQLException: FATAL: password authentication failed for user "wangui"
	at dao.Sql2oCategoryDaoTest.tearDown(Sql2oCategoryDaoTest.java:34)
</error>
  </testcase>
  <testcase name="dao.Sql2oCategoryDaoTest" classname="dao.Sql2oCategoryDaoTest" time="0.045">
    <error type="java.lang.NullPointerException">java.lang.NullPointerException
	at dao.Sql2oCategoryDaoTest.shutDown(Sql2oCategoryDaoTest.java:39)
</error>
  </testcase>
</testsuite>