<?xml version="1.0" encoding="UTF-8"?>
<testsuite xmlns:xsi="http://www.w3.org/2001/XMLSchema-instance" xsi:schemaLocation="https://maven.apache.org/surefire/maven-surefire-plugin/xsd/surefire-test-report.xsd" name="objects.reviewTest" time="0.007" tests="4" errors="0" skipped="0" failures="2">
  <properties>
[...]
</properties>
  <testcase name="review_get_businessId" classname="objects.reviewTest" time="0"/>
  <testcase name="review_get_rating" classname="objects.reviewTest" time="0.004">
    <failure message="expected:&lt;9&gt; but was:&lt;5&gt;" type="java.lang.AssertionError"><![CDATA[java.lang.AssertionError: expected:<9> but was:<5>
	at objects.reviewTest.review_get_rating(reviewTest.java:27)
]]></failure>
  </testcase>
  <testcase name="review_get_review" classname="objects.reviewTest" time="0.002">
    <failure message="expected:&lt;[Has great service]&gt; but was:&lt;[great work ethic]&gt;" type="org.junit.ComparisonFailure"><![CDATA[org.junit.ComparisonFailure: expected:<[Has great service]> but was:<[great work ethic]>
	at objects.reviewTest.review_get_review(reviewTest.java:22)
]]></failure>
  </testcase>
  <testcase name="Review_instanciates_True" classname="objects.reviewTest" time="0"/>
</testsuite>